<?xml version="1.0" encoding="UTF-8"?>
<!-- Generated by org.testng.reporters.JUnitXMLReporter -->
<testsuite ignored="2" hostname="DESKTOP-TDDQJB9" failures="0" tests="2" name="Test" time="0.275" errors="0" timestamp="2023-04-24T10:19:51 IST">
  <testcase classname="UtilityPackage.BaseClass" name="@BeforeClass Launch_Browser" time="-1.68231179147E9">
    <failure type="org.testng.TestNGException" message="
Parameter &amp;apos;browser&amp;apos; is required by BeforeClass on method Launch_Browser but has not been marked @Optional or defined
in D:\Eclipse\project2\testng_CrossBrowserExecution.xml">
      <![CDATA[org.testng.TestNGException: 
Parameter 'browser' is required by BeforeClass on method Launch_Browser but has not been marked @Optional or defined
in D:\Eclipse\project2\testng_CrossBrowserExecution.xml
at java.base/java.util.ArrayList.forEach(ArrayList.java:1511)
at java.base/java.util.concurrent.FutureTask.run(FutureTask.java:264)
at java.base/java.util.concurrent.ThreadPoolExecutor.runWorker(ThreadPoolExecutor.java:1136)
at java.base/java.util.concurrent.ThreadPoolExecutor$Worker.run(ThreadPoolExecutor.java:635)
at java.base/java.lang.Thread.run(Thread.java:833)
... Removed 13 stack frames]]>
    </failure>
  </testcase> <!-- @BeforeClass Launch_Browser -->
  <testcase classname="UtilityPackage.BaseClass" name="@BeforeMethod login" time="-1.682311791487E9">
    <skipped/>
  </testcase> <!-- @BeforeMethod login -->
  <testcase classname="UtilityPackage.BaseClass" name="@AfterMethod logout" time="-1.682311791502E9">
    <skipped/>
  </testcase> <!-- @AfterMethod logout -->
  <testcase classname="UtilityPackage.BaseClass" name="@AfterClass Close_Browser" time="-1.682311791507E9">
    <skipped/>
  </testcase> <!-- @AfterClass Close_Browser -->
  <testcase classname="UtilityPackage.BaseClass" name="@BeforeClass Launch_Browser" time="-1.682311791508E9">
    <failure type="org.testng.TestNGException" message="
Parameter &amp;apos;browser&amp;apos; is required by BeforeClass on method Launch_Browser but has not been marked @Optional or defined
in D:\Eclipse\project2\testng_CrossBrowserExecution.xml">
      <![CDATA[org.testng.TestNGException: 
Parameter 'browser' is required by BeforeClass on method Launch_Browser but has not been marked @Optional or defined
in D:\Eclipse\project2\testng_CrossBrowserExecution.xml
at java.base/java.util.ArrayList.forEach(ArrayList.java:1511)
at java.base/java.util.concurrent.FutureTask.run(FutureTask.java:264)
at java.base/java.util.concurrent.ThreadPoolExecutor.runWorker(ThreadPoolExecutor.java:1136)
at java.base/java.util.concurrent.ThreadPoolExecutor$Worker.run(ThreadPoolExecutor.java:635)
at java.base/java.lang.Thread.run(Thread.java:833)
... Removed 13 stack frames]]>
    </failure>
  </testcase> <!-- @BeforeClass Launch_Browser -->
  <testcase classname="UtilityPackage.BaseClass" name="@BeforeMethod login" time="-1.68231179151E9">
    <skipped/>
  </testcase> <!-- @BeforeMethod login -->
  <testcase classname="UtilityPackage.BaseClass" name="@AfterMethod logout" time="-1.682311791519E9">
    <skipped/>
  </testcase> <!-- @AfterMethod logout -->
  <testcase classname="UtilityPackage.BaseClass" name="@AfterClass Close_Browser" time="-1.682311791527E9">
    <skipped/>
  </testcase> <!-- @AfterClass Close_Browser -->
  <testcase classname="GenericUtility.ClickOnFriendsTest" name="Friends" time="0.0">
    <skipped/>
  </testcase> <!-- Friends -->
  <testcase classname="GenericUtility.ClickOnReelsTest" name="Reels" time="0.0">
    <skipped/>
  </testcase> <!-- Reels -->
  <testcase classname="UtilityPackage.BaseClass" name="@BeforeSuite Launch_database" time="0.0">
    <ignored/>
  </testcase> <!-- @BeforeSuite Launch_database -->
  <testcase classname="UtilityPackage.BaseClass" name="@AfterSuite close_database" time="0.0">
    <ignored/>
  </testcase> <!-- @AfterSuite close_database -->
</testsuite> <!-- Test -->
